<?xml version="1.0" encoding="UTF-8"?>
<!-- Generated by org.testng.reporters.JUnitReportReporter -->
<testsuite hostname="GiriGoudru-PC" failures="0" tests="1" name="com.crm.SDET25.Demo2" time="0.031" errors="0" timestamp="2021-12-10T10:01:45 IST" skipped="0">
  <testcase classname="com.crm.SDET25.Demo2" name="demo" time="0.031"/>
  <system-out/>
</testsuite> <!-- com.crm.SDET25.Demo2 -->
